#
# There is insufficient memory for the Java Runtime Environment to continue.
# Native memory allocation (mmap) failed to map 199229440 bytes for G1 virtual space
# Possible reasons:
#   The system is out of physical RAM or swap space
#   The process is running with CompressedOops enabled, and the Java Heap may be blocking the growth of the native heap
# Possible solutions:
#   Reduce memory load on the system
#   Increase physical memory or swap space
#   Check if swap backing store is full
#   Decrease Java heap size (-Xmx/-Xms)
#   Decrease number of Java threads
#   Decrease Java thread stack sizes (-Xss)
#   Set larger code cache with -XX:ReservedCodeCacheSize=
#   JVM is running with Zero Based Compressed Oops mode in which the Java heap is
#     placed in the first 32GB address space. The Java Heap base address is the
#     maximum limit for the native heap growth. Please use -XX:HeapBaseMinAddress
#     to set the Java Heap base and to place the Java Heap above 32GB virtual address.
# This output file may be truncated or incomplete.
#
#  Out of Memory Error (os_windows.cpp:3530), pid=16248, tid=6096
#
# JRE version:  (18.0.2+9) (build )
# Java VM: Java HotSpot(TM) 64-Bit Server VM (18.0.2+9-61, mixed mode, sharing, tiered, compressed oops, compressed class ptrs, g1 gc, windows-amd64)
# No core dump will be written. Minidumps are not enabled by default on client versions of Windows
#

---------------  S U M M A R Y ------------

Command Line: -Dfile.encoding=UTF-8 --module-path=D:\Users\leo_r\Desktop\UsoContatos\build\classes usocontatos.UsoContatos

Host: Intel(R) Core(TM) i5-6200U CPU @ 2.30GHz, 4 cores, 11G,  Windows 10 , 64 bit Build 19041 (10.0.19041.1889)
Time: Sun Aug 14 00:07:34 2022 Hora oficial do Brasil elapsed time: 0.017973 seconds (0d 0h 0m 0s)

---------------  T H R E A D  ---------------

Current thread (0x000001ea938c4930):  JavaThread "Unknown thread" [_thread_in_vm, id=6096, stack(0x000000acffa00000,0x000000acffb00000)]

Stack: [0x000000acffa00000,0x000000acffb00000]
Native frames: (J=compiled Java code, j=interpreted, Vv=VM code, C=native code)
V  [jvm.dll+0x6993ca]
V  [jvm.dll+0x7f481d]
V  [jvm.dll+0x7f612e]
V  [jvm.dll+0x7f67e3]
V  [jvm.dll+0x25cdaf]
V  [jvm.dll+0x696319]
V  [jvm.dll+0x68ae4a]
V  [jvm.dll+0x3223eb]
V  [jvm.dll+0x329dc6]
V  [jvm.dll+0x37eade]
V  [jvm.dll+0x37ed0f]
V  [jvm.dll+0x2fa16a]
V  [jvm.dll+0x2fb1cd]
V  [jvm.dll+0x7c3450]
V  [jvm.dll+0x38be61]
V  [jvm.dll+0x7a2073]
V  [jvm.dll+0x40dc3f]
V  [jvm.dll+0x40f611]
C  [jli.dll+0x526b]
C  [ucrtbase.dll+0x21bb2]
C  [KERNEL32.DLL+0x17034]
C  [ntdll.dll+0x52651]


---------------  P R O C E S S  ---------------

Threads class SMR info:
_java_thread_list=0x00007ffc629be550, length=0, elements={
}

Java Threads: ( => current thread )

Other Threads:
  0x000001ea93921360 WorkerThread "GC Thread#0" [stack: 0x000000acffb00000,0x000000acffc00000] [id=10448]
  0x000001ea9392f140 ConcurrentGCThread "G1 Main Marker" [stack: 0x000000acffc00000,0x000000acffd00000] [id=5080]
  0x000001ea939302d0 WorkerThread "G1 Conc#0" [stack: 0x000000acffd00000,0x000000acffe00000] [id=21648]

[error occurred during error reporting (printing all threads), id 0xc0000005, EXCEPTION_ACCESS_VIOLATION (0xc0000005) at pc=0x00007ffc621ea707]

VM state: not at safepoint (not fully initialized)

VM Mutex/Monitor currently owned by a thread:  ([mutex/lock_event])
[0x000001ea938bf690] Heap_lock - owner thread: 0x000001ea938c4930

Heap address: 0x0000000742200000, size: 3038 MB, Compressed Oops mode: Zero based, Oop shift amount: 3

CDS archive(s) mapped at: [0x0000000000000000-0x0000000000000000-0x0000000000000000), size 0, SharedBaseAddress: 0x0000000800000000, ArchiveRelocationMode: 0.
Narrow klass base: 0x0000000000000000, Narrow klass shift: 0, Narrow klass range: 0x0

GC Precious Log:
 CardTable entry size: 512
 Card Set container configuration: InlinePtr #cards 4 size 8 Array Of Cards #cards 16 size 48 Howl #buckets 8 coarsen threshold 3686 Howl Bitmap #cards 512 size 80 coarsen threshold 460 Card regions per heap region 1 cards per card region 4096

Heap:
 garbage-first heap   total 0K, used 0K [0x0000000742200000, 0x0000000800000000)
  region size 2048K, 0 young (0K), 0 survivors (0K)

[error occurred during error reporting (printing heap information), id 0xc0000005, EXCEPTION_ACCESS_VIOLATION (0xc0000005) at pc=0x00007ffc625d1859]

GC Heap History (0 events):
No events

Deoptimization events (0 events):
No events

Classes loaded (0 events):
No events

Classes unloaded (0 events):
No events

Classes redefined (0 events):
No events

Internal exceptions (0 events):
No events

VM Operations (0 events):
No events

Events (1 events):
Event: 0.010 Loaded shared library C:\Program Files\Java\jdk-18.0.2\bin\java.dll


Dynamic libraries:
0x00007ff788810000 - 0x00007ff788820000 	C:\Program Files\Java\jdk-18.0.2\bin\java.exe
0x00007ffceee30000 - 0x00007ffcef028000 	C:\Windows\SYSTEM32\ntdll.dll
0x00007ffcc6130000 - 0x00007ffcc6147000 	C:\Program Files\Avast Software\Avast\aswhook.dll
0x00007ffcee970000 - 0x00007ffceea2d000 	C:\Windows\System32\KERNEL32.DLL
0x00007ffcecb00000 - 0x00007ffcecdce000 	C:\Windows\System32\KERNELBASE.dll
0x00007ffcec7b0000 - 0x00007ffcec8b0000 	C:\Windows\System32\ucrtbase.dll
0x00007ffce7630000 - 0x00007ffce7648000 	C:\Program Files\Java\jdk-18.0.2\bin\jli.dll
0x00007ffce70e0000 - 0x00007ffce70fa000 	C:\Program Files\Java\jdk-18.0.2\bin\VCRUNTIME140.dll
0x00007ffcee4b0000 - 0x00007ffcee55e000 	C:\Windows\System32\ADVAPI32.dll
0x00007ffcedad0000 - 0x00007ffcedb6e000 	C:\Windows\System32\msvcrt.dll
0x00007ffced990000 - 0x00007ffceda2c000 	C:\Windows\System32\sechost.dll
0x00007ffced3a0000 - 0x00007ffced4c5000 	C:\Windows\System32\RPCRT4.dll
0x00007ffcee560000 - 0x00007ffcee700000 	C:\Windows\System32\USER32.dll
0x00007ffcec780000 - 0x00007ffcec7a2000 	C:\Windows\System32\win32u.dll
0x00007ffccdaf0000 - 0x00007ffccdd8a000 	C:\Windows\WinSxS\amd64_microsoft.windows.common-controls_6595b64144ccf1df_6.0.19041.1110_none_60b5254171f9507e\COMCTL32.dll
0x00007ffcece90000 - 0x00007ffceceba000 	C:\Windows\System32\GDI32.dll
0x00007ffcec9f0000 - 0x00007ffcecafb000 	C:\Windows\System32\gdi32full.dll
0x00007ffcec550000 - 0x00007ffcec5ed000 	C:\Windows\System32\msvcp_win.dll
0x00007ffce6ab0000 - 0x00007ffce6aba000 	C:\Windows\SYSTEM32\VERSION.dll
0x00007ffced7b0000 - 0x00007ffced7e0000 	C:\Windows\System32\IMM32.DLL
0x00007ffce7740000 - 0x00007ffce774c000 	C:\Program Files\Java\jdk-18.0.2\bin\vcruntime140_1.dll
0x00007ffcdafb0000 - 0x00007ffcdb03d000 	C:\Program Files\Java\jdk-18.0.2\bin\msvcp140.dll
0x00007ffc61ee0000 - 0x00007ffc62af1000 	C:\Program Files\Java\jdk-18.0.2\bin\server\jvm.dll
0x00007ffcedac0000 - 0x00007ffcedac8000 	C:\Windows\System32\PSAPI.DLL
0x00007ffccd8d0000 - 0x00007ffccd8f7000 	C:\Windows\SYSTEM32\WINMM.dll
0x00007ffce24b0000 - 0x00007ffce24b9000 	C:\Windows\SYSTEM32\WSOCK32.dll
0x00007ffcee440000 - 0x00007ffcee4ab000 	C:\Windows\System32\WS2_32.dll
0x00007ffcea450000 - 0x00007ffcea462000 	C:\Windows\SYSTEM32\kernel.appcore.dll
0x00007ffce6c30000 - 0x00007ffce6c3a000 	C:\Program Files\Java\jdk-18.0.2\bin\jimage.dll
0x00007ffce4f10000 - 0x00007ffce50f4000 	C:\Windows\SYSTEM32\DBGHELP.DLL
0x00007ffce4e10000 - 0x00007ffce4e3c000 	C:\Windows\SYSTEM32\dbgcore.DLL
0x00007ffcec8b0000 - 0x00007ffcec932000 	C:\Windows\System32\bcryptPrimitives.dll
0x00007ffcdb120000 - 0x00007ffcdb145000 	C:\Program Files\Java\jdk-18.0.2\bin\java.dll

dbghelp: loaded successfully - version: 4.0.5 - missing functions: none
symbol engine: initialized successfully - sym options: 0x614 - pdb path: .;C:\Program Files\Java\jdk-18.0.2\bin;C:\Windows\SYSTEM32;C:\Program Files\Avast Software\Avast;C:\Windows\WinSxS\amd64_microsoft.windows.common-controls_6595b64144ccf1df_6.0.19041.1110_none_60b5254171f9507e;C:\Program Files\Java\jdk-18.0.2\bin\server

VM Arguments:
jvm_args: -Dfile.encoding=UTF-8 --module-path=D:\Users\leo_r\Desktop\UsoContatos\build\classes 
java_command: usocontatos.UsoContatos
java_class_path (initial): D:\Users\leo_r\Desktop\UsoContatos\build\classes
Launcher Type: SUN_STANDARD

[Global flags]
     intx CICompilerCount                          = 3                                         {product} {ergonomic}
     uint ConcGCThreads                            = 1                                         {product} {ergonomic}
     uint G1ConcRefinementThreads                  = 4                                         {product} {ergonomic}
   size_t G1HeapRegionSize                         = 2097152                                   {product} {ergonomic}
    uintx GCDrainStackTargetSize                   = 64                                        {product} {ergonomic}
   size_t InitialHeapSize                          = 199229440                                 {product} {ergonomic}
   size_t MarkStackSize                            = 4194304                                   {product} {ergonomic}
   size_t MaxHeapSize                              = 3185573888                                {product} {ergonomic}
   size_t MinHeapDeltaBytes                        = 2097152                                   {product} {ergonomic}
   size_t MinHeapSize                              = 8388608                                   {product} {ergonomic}
    uintx NonNMethodCodeHeapSize                   = 5832780                                {pd product} {ergonomic}
    uintx NonProfiledCodeHeapSize                  = 122912730                              {pd product} {ergonomic}
    uintx ProfiledCodeHeapSize                     = 122912730                              {pd product} {ergonomic}
    uintx ReservedCodeCacheSize                    = 251658240                              {pd product} {ergonomic}
     bool SegmentedCodeCache                       = true                                      {product} {ergonomic}
   size_t SoftMaxHeapSize                          = 3185573888                             {manageable} {ergonomic}
     bool UseCompressedClassPointers               = true                           {product lp64_product} {ergonomic}
     bool UseCompressedOops                        = true                           {product lp64_product} {ergonomic}
     bool UseG1GC                                  = true                                      {product} {ergonomic}
     bool UseLargePagesIndividualAllocation        = false                                  {pd product} {ergonomic}

Logging:
Log output configuration:
 #0: stdout all=warning uptime,level,tags foldmultilines=false
 #1: stderr all=off uptime,level,tags foldmultilines=false

Environment Variables:
PATH=C:\Program Files\Common Files\Oracle\Java\javapath;C:\Windows\system32;C:\Windows;C:\Windows\System32\Wbem;C:\Windows\System32\WindowsPowerShell\v1.0\;C:\Windows\System32\OpenSSH\;C:\Program Files\Microsoft VS Code\bin;C:\Users\leo_r\AppData\Local\Microsoft\WindowsApps;;C:\intelFPGA_lite\18.1\modelsim_ase\win32aloem
USERNAME=leo_r
OS=Windows_NT
PROCESSOR_IDENTIFIER=Intel64 Family 6 Model 78 Stepping 3, GenuineIntel



---------------  S Y S T E M  ---------------

OS:
 Windows 10 , 64 bit Build 19041 (10.0.19041.1889)
OS uptime: 2 days 4:29 hours

CPU: total 4 (initial active 4) (2 cores per cpu, 2 threads per core) family 6 model 78 stepping 3 microcode 0xcc, cx8, cmov, fxsr, ht, mmx, 3dnowpref, sse, sse2, sse3, ssse3, sse4.1, sse4.2, popcnt, lzcnt, tsc, tscinvbit, avx, avx2, aes, erms, clmul, bmi1, bmi2, adx, fma, vzeroupper, clflush, clflushopt

Memory: 4k page, system-wide physical 12148M (3158M free)
TotalPageFile size 33334M (AvailPageFile size 95M)
current process WorkingSet (physical memory assigned to process): 10M, peak: 10M
current process commit charge ("private bytes"): 52M, peak: 242M

vm_info: Java HotSpot(TM) 64-Bit Server VM (18.0.2+9-61) for windows-amd64 JRE (18.0.2+9-61), built on Jun  7 2022 13:09:01 by "mach5one" with MS VC++ 16.8 / 16.9 (VS2019)

END.
